{"created": 1761438756.442526, "duration": 39.30897402763367, "exitcode": 1, "root": "C:\\Users\\reyno\\mind-protocol\\orchestration", "environment": {}, "summary": {"skipped": 9, "passed": 5, "failed": 2, "total": 16, "collected": 16}, "collectors": [{"nodeid": "", "outcome": "passed", "result": [{"nodeid": "tests/test_pipeline_stage3_injection.py", "type": "Module"}, {"nodeid": "tests/test_pipeline_stage10_trace_parsing.py", "type": "Module"}, {"nodeid": "tests/test_pipeline_stage11_weight_updates.py", "type": "Module"}]}, {"nodeid": "tests/test_pipeline_stage3_injection.py", "outcome": "passed", "result": [{"nodeid": "tests/test_pipeline_stage3_injection.py::test_cold_graph_injection", "type": "Function", "lineno": 17}, {"nodeid": "tests/test_pipeline_stage3_injection.py::test_hot_graph_injection", "type": "Function", "lineno": 53}, {"nodeid": "tests/test_pipeline_stage3_injection.py::test_amplifier_channel_allows_propagation", "type": "Function", "lineno": 90}, {"nodeid": "tests/test_pipeline_stage3_injection.py::test_supercritical_damping", "type": "Function", "lineno": 140}, {"nodeid": "tests/test_pipeline_stage3_injection.py::test_energy_conservation", "type": "Function", "lineno": 170}]}, {"nodeid": "tests/test_pipeline_stage10_trace_parsing.py", "outcome": "passed", "result": [{"nodeid": "tests/test_pipeline_stage10_trace_parsing.py::test_reinforcement_mark_extraction", "type": "Function", "lineno": 125}, {"nodeid": "tests/test_pipeline_stage10_trace_parsing.py::test_formation_declaration_parsing", "type": "Function", "lineno": 199}, {"nodeid": "tests/test_pipeline_stage10_trace_parsing.py::test_formation_quality_scoring", "type": "Function", "lineno": 273}, {"nodeid": "tests/test_pipeline_stage10_trace_parsing.py::test_formation_schema_validation", "type": "Function", "lineno": 312}, {"nodeid": "tests/test_pipeline_stage10_trace_parsing.py::test_regex_handles_edge_cases", "type": "Function", "lineno": 352}]}, {"nodeid": "tests/test_pipeline_stage11_weight_updates.py", "outcome": "passed", "result": [{"nodeid": "tests/test_pipeline_stage11_weight_updates.py::test_context_aware_weight_updates", "type": "Function", "lineno": 107}, {"nodeid": "tests/test_pipeline_stage11_weight_updates.py::test_cohort_z_score_computation", "type": "Function", "lineno": 224}, {"nodeid": "tests/test_pipeline_stage11_weight_updates.py::test_negative_pool_separation", "type": "Function", "lineno": 282}, {"nodeid": "tests/test_pipeline_stage11_weight_updates.py::test_adaptive_learning_rate", "type": "Function", "lineno": 345}, {"nodeid": "tests/test_pipeline_stage11_weight_updates.py::test_ema_updates", "type": "Function", "lineno": 386}, {"nodeid": "tests/test_pipeline_stage11_weight_updates.py::test_overlay_cap_enforcement", "type": "Function", "lineno": 435}]}], "tests": [{"nodeid": "tests/test_pipeline_stage3_injection.py::test_cold_graph_injection", "lineno": 17, "outcome": "skipped", "keywords": ["test_cold_graph_injection", "test_pipeline_stage3_injection.py", "tests", "orchestration", ""], "setup": {"duration": 0.0052407000002858695, "outcome": "passed"}, "call": {"duration": 0.0006881000008434057, "outcome": "skipped", "longrepr": "('C:\\\\Users\\\\reyno\\\\mind-protocol\\\\orchestration\\\\tests\\\\test_pipeline_stage3_injection.py', 49, 'Skipped: TC3.1 not yet implemented - awaiting injection mechanism')"}, "teardown": {"duration": 0.0018601000010676216, "outcome": "passed"}}, {"nodeid": "tests/test_pipeline_stage3_injection.py::test_hot_graph_injection", "lineno": 53, "outcome": "skipped", "keywords": ["test_hot_graph_injection", "test_pipeline_stage3_injection.py", "tests", "orchestration", ""], "setup": {"duration": 0.00045760000284644775, "outcome": "passed"}, "call": {"duration": 0.0007953999993333127, "outcome": "skipped", "longrepr": "('C:\\\\Users\\\\reyno\\\\mind-protocol\\\\orchestration\\\\tests\\\\test_pipeline_stage3_injection.py', 86, 'Skipped: TC3.2 not yet implemented - awaiting injection mechanism')"}, "teardown": {"duration": 0.0008208999970520381, "outcome": "passed"}}, {"nodeid": "tests/test_pipeline_stage3_injection.py::test_amplifier_channel_allows_propagation", "lineno": 90, "outcome": "skipped", "keywords": ["test_amplifier_channel_allows_propagation", "test_pipeline_stage3_injection.py", "tests", "orchestration", ""], "setup": {"duration": 0.0004071000003023073, "outcome": "passed"}, "call": {"duration": 0.00041310000233352184, "outcome": "skipped", "longrepr": "('C:\\\\Users\\\\reyno\\\\mind-protocol\\\\orchestration\\\\tests\\\\test_pipeline_stage3_injection.py', 136, 'Skipped: TC3.3 CRITICAL not yet implemented - THIS IS PRIORITY 1')"}, "teardown": {"duration": 0.0008896999970602337, "outcome": "passed"}}, {"nodeid": "tests/test_pipeline_stage3_injection.py::test_supercritical_damping", "lineno": 140, "outcome": "skipped", "keywords": ["test_supercritical_damping", "test_pipeline_stage3_injection.py", "tests", "orchestration", ""], "setup": {"duration": 0.0010626999974192586, "outcome": "passed"}, "call": {"duration": 0.0006952000003366265, "outcome": "skipped", "longrepr": "('C:\\\\Users\\\\reyno\\\\mind-protocol\\\\orchestration\\\\tests\\\\test_pipeline_stage3_injection.py', 166, 'Skipped: Health modulation not yet implemented')"}, "teardown": {"duration": 0.0005968000004941132, "outcome": "passed"}}, {"nodeid": "tests/test_pipeline_stage3_injection.py::test_energy_conservation", "lineno": 170, "outcome": "skipped", "keywords": ["test_energy_conservation", "test_pipeline_stage3_injection.py", "tests", "orchestration", ""], "setup": {"duration": 0.000514600000315113, "outcome": "passed"}, "call": {"duration": 0.0005836999989696778, "outcome": "skipped", "longrepr": "('C:\\\\Users\\\\reyno\\\\mind-protocol\\\\orchestration\\\\tests\\\\test_pipeline_stage3_injection.py', 188, 'Skipped: Conservation test not yet implemented')"}, "teardown": {"duration": 0.0006041999986337032, "outcome": "passed"}}, {"nodeid": "tests/test_pipeline_stage10_trace_parsing.py::test_reinforcement_mark_extraction", "lineno": 125, "outcome": "passed", "keywords": ["test_reinforcement_mark_extraction", "test_pipeline_stage10_trace_parsing.py", "tests", "orchestration", ""], "setup": {"duration": 0.0006810999984736554, "outcome": "passed"}, "call": {"duration": 0.003467800001089927, "outcome": "passed", "stdout": "\u2705 Extracted 8 reinforcement marks\n   Total seats allocated: 100 (Hamilton apportionment)\n"}, "teardown": {"duration": 0.0006269000004976988, "outcome": "passed"}}, {"nodeid": "tests/test_pipeline_stage10_trace_parsing.py::test_formation_declaration_parsing", "lineno": 199, "outcome": "passed", "keywords": ["test_formation_declaration_parsing", "test_pipeline_stage10_trace_parsing.py", "tests", "orchestration", ""], "setup": {"duration": 0.001411299999745097, "outcome": "passed"}, "call": {"duration": 32.10739979999926, "outcome": "passed", "stdout": "\u2705 Parsed 2 node formations\n\u2705 Parsed 1 link formations\n"}, "teardown": {"duration": 0.0005022000004828442, "outcome": "passed"}}, {"nodeid": "tests/test_pipeline_stage10_trace_parsing.py::test_formation_quality_scoring", "lineno": 273, "outcome": "skipped", "keywords": ["test_formation_quality_scoring", "test_pipeline_stage10_trace_parsing.py", "tests", "orchestration", ""], "setup": {"duration": 0.0006609999982174486, "outcome": "passed"}, "call": {"duration": 0.5384371000000101, "outcome": "skipped", "longrepr": "('C:\\\\Users\\\\reyno\\\\mind-protocol\\\\orchestration\\\\tests\\\\test_pipeline_stage10_trace_parsing.py', 308, 'Skipped: Formation quality scoring not yet implemented')"}, "teardown": {"duration": 0.000775100001192186, "outcome": "passed"}}, {"nodeid": "tests/test_pipeline_stage10_trace_parsing.py::test_formation_schema_validation", "lineno": 312, "outcome": "failed", "keywords": ["test_formation_schema_validation", "test_pipeline_stage10_trace_parsing.py", "tests", "orchestration", ""], "setup": {"duration": 0.0007400000031339005, "outcome": "passed"}, "call": {"duration": 0.0017516000007162802, "outcome": "failed", "crash": {"path": "C:\\Users\\reyno\\mind-protocol\\orchestration\\tests\\test_pipeline_stage10_trace_parsing.py", "lineno": 340, "message": "AttributeError: 'TraceParseResult' object has no attribute 'errors'"}, "traceback": [{"path": "tests\\test_pipeline_stage10_trace_parsing.py", "lineno": 340, "message": "in test_formation_schema_validation"}], "log": [{"name": "orchestration.libs.trace_parser", "msg": "[TraceParser] Missing required fields for Realization: ['description', 'confidence', 'context_when_discovered']", "args": null, "levelname": "WARNING", "levelno": 30, "pathname": "C:\\Users\\reyno\\mind-protocol\\orchestration\\libs\\trace_parser.py", "filename": "trace_parser.py", "module": "trace_parser", "exc_info": null, "exc_text": null, "stack_info": null, "lineno": 520, "funcName": "_validate_node_fields", "created": 1761438756.3534641, "msecs": 353.0, "relativeCreated": 40862.151861190796, "thread": 8076, "threadName": "MainThread", "processName": "MainProcess", "process": 37164, "taskName": null}, {"name": "orchestration.libs.trace_parser", "msg": "[TraceParser] Skipping invalid node formation: Realization", "args": null, "levelname": "WARNING", "levelno": 30, "pathname": "C:\\Users\\reyno\\mind-protocol\\orchestration\\libs\\trace_parser.py", "filename": "trace_parser.py", "module": "trace_parser", "exc_info": null, "exc_text": null, "stack_info": null, "lineno": 313, "funcName": "_extract_node_formations", "created": 1761438756.3534641, "msecs": 353.0, "relativeCreated": 40862.151861190796, "thread": 8076, "threadName": "MainThread", "processName": "MainProcess", "process": 37164, "taskName": null}, {"name": "orchestration.libs.trace_parser", "msg": "[TraceParser] Missing required fields for ENABLES: ['felt_as', 'energy', 'without_this', 'degree_of_necessity', 'enabling_type']", "args": null, "levelname": "WARNING", "levelno": 30, "pathname": "C:\\Users\\reyno\\mind-protocol\\orchestration\\libs\\trace_parser.py", "filename": "trace_parser.py", "module": "trace_parser", "exc_info": null, "exc_text": null, "stack_info": null, "lineno": 601, "funcName": "_validate_link_fields", "created": 1761438756.3541393, "msecs": 354.0, "relativeCreated": 40862.82706260681, "thread": 8076, "threadName": "MainThread", "processName": "MainProcess", "process": 37164, "taskName": null}, {"name": "orchestration.libs.trace_parser", "msg": "[TraceParser] Skipping invalid link formation: ENABLES", "args": null, "levelname": "WARNING", "levelno": 30, "pathname": "C:\\Users\\reyno\\mind-protocol\\orchestration\\libs\\trace_parser.py", "filename": "trace_parser.py", "module": "trace_parser", "exc_info": null, "exc_text": null, "stack_info": null, "lineno": 368, "funcName": "_extract_link_formations", "created": 1761438756.3541393, "msecs": 354.0, "relativeCreated": 40862.82706260681, "thread": 8076, "threadName": "MainThread", "processName": "MainProcess", "process": 37164, "taskName": null}], "longrepr": "tests\\test_pipeline_stage10_trace_parsing.py:340: in test_formation_schema_validation\n    assert len(result.errors) >= 2, \"Should have errors for both incomplete formations\"\n               ^^^^^^^^^^^^^\nE   AttributeError: 'TraceParseResult' object has no attribute 'errors'"}, "teardown": {"duration": 0.000605500001256587, "outcome": "passed"}}, {"nodeid": "tests/test_pipeline_stage10_trace_parsing.py::test_regex_handles_edge_cases", "lineno": 352, "outcome": "failed", "keywords": ["test_regex_handles_edge_cases", "test_pipeline_stage10_trace_parsing.py", "tests", "orchestration", ""], "setup": {"duration": 0.0005148000018380117, "outcome": "passed"}, "call": {"duration": 0.0009275999982492067, "outcome": "failed", "crash": {"path": "C:\\Users\\reyno\\mind-protocol\\orchestration\\tests\\test_pipeline_stage10_trace_parsing.py", "lineno": 384, "message": "AssertionError: Should ignore marks in code blocks\nassert 'node_c' not in {'node123': 13, 'node_a': 20, 'node_b': 14, 'node_c': 20, ...}"}, "traceback": [{"path": "tests\\test_pipeline_stage10_trace_parsing.py", "lineno": 384, "message": "in test_regex_handles_edge_cases"}], "longrepr": "tests\\test_pipeline_stage10_trace_parsing.py:384: in test_regex_handles_edge_cases\n    assert 'node_c' not in reinforcements, \"Should ignore marks in code blocks\"\nE   AssertionError: Should ignore marks in code blocks\nE   assert 'node_c' not in {'node123': 13, 'node_a': 20, 'node_b': 14, 'node_c': 20, ...}"}, "teardown": {"duration": 0.002555999999458436, "outcome": "passed"}}, {"nodeid": "tests/test_pipeline_stage11_weight_updates.py::test_context_aware_weight_updates", "lineno": 107, "outcome": "skipped", "keywords": ["test_context_aware_weight_updates", "test_pipeline_stage11_weight_updates.py", "tests", "orchestration", ""], "setup": {"duration": 0.0013438000023597851, "outcome": "passed"}, "call": {"duration": 0.0007353000000875909, "outcome": "skipped", "longrepr": "('C:\\\\Users\\\\reyno\\\\mind-protocol\\\\orchestration\\\\tests\\\\test_pipeline_stage11_weight_updates.py', 152, 'Skipped: TC11.1: Negative pool separation not yet implemented - negative marks incorrectly get positive z-scores')"}, "teardown": {"duration": 0.001414199999999255, "outcome": "passed"}}, {"nodeid": "tests/test_pipeline_stage11_weight_updates.py::test_cohort_z_score_computation", "lineno": 224, "outcome": "skipped", "keywords": ["test_cohort_z_score_computation", "test_pipeline_stage11_weight_updates.py", "tests", "orchestration", ""], "setup": {"duration": 0.0033724999993864913, "outcome": "passed"}, "call": {"duration": 0.0013131999985489529, "outcome": "skipped", "longrepr": "('C:\\\\Users\\\\reyno\\\\mind-protocol\\\\orchestration\\\\tests\\\\test_pipeline_stage11_weight_updates.py', 250, 'Skipped: TC11.2: Depends on negative pool separation (TC11.3) - cohort stats mixed positive/negative')"}, "teardown": {"duration": 0.0035047999990638345, "outcome": "passed"}}, {"nodeid": "tests/test_pipeline_stage11_weight_updates.py::test_negative_pool_separation", "lineno": 282, "outcome": "skipped", "keywords": ["test_negative_pool_separation", "test_pipeline_stage11_weight_updates.py", "tests", "orchestration", ""], "setup": {"duration": 0.0007955000000947621, "outcome": "passed"}, "call": {"duration": 0.0013277000034577213, "outcome": "skipped", "longrepr": "('C:\\\\Users\\\\reyno\\\\mind-protocol\\\\orchestration\\\\tests\\\\test_pipeline_stage11_weight_updates.py', 307, 'Skipped: TC11.3: MECHANISM LIMITATION - negative pool separation not yet implemented in WeightLearnerV2')"}, "teardown": {"duration": 0.0005757999970228411, "outcome": "passed"}}, {"nodeid": "tests/test_pipeline_stage11_weight_updates.py::test_adaptive_learning_rate", "lineno": 345, "outcome": "passed", "keywords": ["test_adaptive_learning_rate", "test_pipeline_stage11_weight_updates.py", "tests", "orchestration", ""], "setup": {"duration": 0.0018654999985301401, "outcome": "passed"}, "call": {"duration": 0.01720309999655001, "outcome": "passed", "stdout": "\u2705 Adaptive learning rates computed\n   High z: \u03b7=1.0000, z=-1.34\n   Low z: \u03b7=1.0000, z=0.11\n"}, "teardown": {"duration": 0.0006140000004961621, "outcome": "passed"}}, {"nodeid": "tests/test_pipeline_stage11_weight_updates.py::test_ema_updates", "lineno": 386, "outcome": "passed", "keywords": ["test_ema_updates", "test_pipeline_stage11_weight_updates.py", "tests", "orchestration", ""], "setup": {"duration": 0.0009337000010418706, "outcome": "passed"}, "call": {"duration": 0.005980400001135422, "outcome": "passed", "stdout": "\u2705 EMA updates computed\n   node_0: ema_old=0.00, ema_new=1.00\n"}, "teardown": {"duration": 0.0005611999986285809, "outcome": "passed"}}, {"nodeid": "tests/test_pipeline_stage11_weight_updates.py::test_overlay_cap_enforcement", "lineno": 435, "outcome": "passed", "keywords": ["test_overlay_cap_enforcement", "test_pipeline_stage11_weight_updates.py", "tests", "orchestration", ""], "setup": {"duration": 0.0005660999995598104, "outcome": "passed"}, "call": {"duration": 0.0011239999985264149, "outcome": "passed", "stdout": "\u2705 Overlay cap enforced\n   Capped at: 2.00\n"}, "teardown": {"duration": 0.00042050000047311187, "outcome": "passed"}}], "warnings": [{"message": "Support for class-based `config` is deprecated, use ConfigDict instead. Deprecated in Pydantic V2.0 to be removed in V3.0. See Pydantic V2 Migration Guide at https://errors.pydantic.dev/2.12/migration/", "category": "PydanticDeprecatedSince20", "when": "collect", "filename": "C:\\Users\\reyno\\mind-protocol\\substrate\\schemas\\consciousness_schema.py", "lineno": 61}, {"message": "Pydantic V1 style `@validator` validators are deprecated. You should migrate to Pydantic V2 style `@field_validator` validators, see the migration guide for more details. Deprecated in Pydantic V2.0 to be removed in V3.0. See Pydantic V2 Migration Guide at https://errors.pydantic.dev/2.12/migration/", "category": "PydanticDeprecatedSince20", "when": "collect", "filename": "C:\\Users\\reyno\\mind-protocol\\substrate\\schemas\\consciousness_schema.py", "lineno": 403}, {"message": "Pydantic V1 style `@validator` validators are deprecated. You should migrate to Pydantic V2 style `@field_validator` validators, see the migration guide for more details. Deprecated in Pydantic V2.0 to be removed in V3.0. See Pydantic V2 Migration Guide at https://errors.pydantic.dev/2.12/migration/", "category": "PydanticDeprecatedSince20", "when": "collect", "filename": "C:\\Users\\reyno\\mind-protocol\\substrate\\schemas\\consciousness_schema.py", "lineno": 412}, {"message": "Support for class-based `config` is deprecated, use ConfigDict instead. Deprecated in Pydantic V2.0 to be removed in V3.0. See Pydantic V2 Migration Guide at https://errors.pydantic.dev/2.12/migration/", "category": "PydanticDeprecatedSince20", "when": "collect", "filename": "C:\\Users\\reyno\\mind-protocol\\substrate\\schemas\\consciousness_schema.py", "lineno": 199}]}