{"created": 1761439678.5033917, "duration": 9.863630533218384, "exitcode": 1, "root": "C:\\Users\\reyno\\mind-protocol\\orchestration", "environment": {}, "summary": {"skipped": 9, "passed": 5, "failed": 2, "total": 16, "collected": 16}, "collectors": [{"nodeid": "", "outcome": "passed", "result": [{"nodeid": "tests/test_pipeline_stage3_injection.py", "type": "Module"}, {"nodeid": "tests/test_pipeline_stage10_trace_parsing.py", "type": "Module"}, {"nodeid": "tests/test_pipeline_stage11_weight_updates.py", "type": "Module"}]}, {"nodeid": "tests/test_pipeline_stage3_injection.py", "outcome": "passed", "result": [{"nodeid": "tests/test_pipeline_stage3_injection.py::test_cold_graph_injection", "type": "Function", "lineno": 17}, {"nodeid": "tests/test_pipeline_stage3_injection.py::test_hot_graph_injection", "type": "Function", "lineno": 53}, {"nodeid": "tests/test_pipeline_stage3_injection.py::test_amplifier_channel_allows_propagation", "type": "Function", "lineno": 90}, {"nodeid": "tests/test_pipeline_stage3_injection.py::test_supercritical_damping", "type": "Function", "lineno": 140}, {"nodeid": "tests/test_pipeline_stage3_injection.py::test_energy_conservation", "type": "Function", "lineno": 170}]}, {"nodeid": "tests/test_pipeline_stage10_trace_parsing.py", "outcome": "passed", "result": [{"nodeid": "tests/test_pipeline_stage10_trace_parsing.py::test_reinforcement_mark_extraction", "type": "Function", "lineno": 125}, {"nodeid": "tests/test_pipeline_stage10_trace_parsing.py::test_formation_declaration_parsing", "type": "Function", "lineno": 199}, {"nodeid": "tests/test_pipeline_stage10_trace_parsing.py::test_formation_quality_scoring", "type": "Function", "lineno": 273}, {"nodeid": "tests/test_pipeline_stage10_trace_parsing.py::test_formation_schema_validation", "type": "Function", "lineno": 312}, {"nodeid": "tests/test_pipeline_stage10_trace_parsing.py::test_regex_handles_edge_cases", "type": "Function", "lineno": 352}]}, {"nodeid": "tests/test_pipeline_stage11_weight_updates.py", "outcome": "passed", "result": [{"nodeid": "tests/test_pipeline_stage11_weight_updates.py::test_context_aware_weight_updates", "type": "Function", "lineno": 107}, {"nodeid": "tests/test_pipeline_stage11_weight_updates.py::test_cohort_z_score_computation", "type": "Function", "lineno": 224}, {"nodeid": "tests/test_pipeline_stage11_weight_updates.py::test_negative_pool_separation", "type": "Function", "lineno": 282}, {"nodeid": "tests/test_pipeline_stage11_weight_updates.py::test_adaptive_learning_rate", "type": "Function", "lineno": 345}, {"nodeid": "tests/test_pipeline_stage11_weight_updates.py::test_ema_updates", "type": "Function", "lineno": 386}, {"nodeid": "tests/test_pipeline_stage11_weight_updates.py::test_overlay_cap_enforcement", "type": "Function", "lineno": 435}]}], "tests": [{"nodeid": "tests/test_pipeline_stage3_injection.py::test_cold_graph_injection", "lineno": 17, "outcome": "skipped", "keywords": ["test_cold_graph_injection", "test_pipeline_stage3_injection.py", "tests", "orchestration", ""], "setup": {"duration": 0.0005087999998067971, "outcome": "passed"}, "call": {"duration": 0.00015250000069499947, "outcome": "skipped", "longrepr": "('C:\\\\Users\\\\reyno\\\\mind-protocol\\\\orchestration\\\\tests\\\\test_pipeline_stage3_injection.py', 49, 'Skipped: TC3.1 not yet implemented - awaiting injection mechanism')"}, "teardown": {"duration": 0.0001322999996773433, "outcome": "passed"}}, {"nodeid": "tests/test_pipeline_stage3_injection.py::test_hot_graph_injection", "lineno": 53, "outcome": "skipped", "keywords": ["test_hot_graph_injection", "test_pipeline_stage3_injection.py", "tests", "orchestration", ""], "setup": {"duration": 0.00011309999899822287, "outcome": "passed"}, "call": {"duration": 0.00013020000187680125, "outcome": "skipped", "longrepr": "('C:\\\\Users\\\\reyno\\\\mind-protocol\\\\orchestration\\\\tests\\\\test_pipeline_stage3_injection.py', 86, 'Skipped: TC3.2 not yet implemented - awaiting injection mechanism')"}, "teardown": {"duration": 0.00011590000212891027, "outcome": "passed"}}, {"nodeid": "tests/test_pipeline_stage3_injection.py::test_amplifier_channel_allows_propagation", "lineno": 90, "outcome": "skipped", "keywords": ["test_amplifier_channel_allows_propagation", "test_pipeline_stage3_injection.py", "tests", "orchestration", ""], "setup": {"duration": 0.00010140000085812062, "outcome": "passed"}, "call": {"duration": 0.00045759999920846894, "outcome": "skipped", "longrepr": "('C:\\\\Users\\\\reyno\\\\mind-protocol\\\\orchestration\\\\tests\\\\test_pipeline_stage3_injection.py', 136, 'Skipped: TC3.3 CRITICAL not yet implemented - THIS IS PRIORITY 1')"}, "teardown": {"duration": 0.00014279999959398992, "outcome": "passed"}}, {"nodeid": "tests/test_pipeline_stage3_injection.py::test_supercritical_damping", "lineno": 140, "outcome": "skipped", "keywords": ["test_supercritical_damping", "test_pipeline_stage3_injection.py", "tests", "orchestration", ""], "setup": {"duration": 0.00022619999799644575, "outcome": "passed"}, "call": {"duration": 0.00010730000212788582, "outcome": "skipped", "longrepr": "('C:\\\\Users\\\\reyno\\\\mind-protocol\\\\orchestration\\\\tests\\\\test_pipeline_stage3_injection.py', 166, 'Skipped: Health modulation not yet implemented')"}, "teardown": {"duration": 0.00010750000001280569, "outcome": "passed"}}, {"nodeid": "tests/test_pipeline_stage3_injection.py::test_energy_conservation", "lineno": 170, "outcome": "skipped", "keywords": ["test_energy_conservation", "test_pipeline_stage3_injection.py", "tests", "orchestration", ""], "setup": {"duration": 9.069999941857532e-05, "outcome": "passed"}, "call": {"duration": 9.59999997576233e-05, "outcome": "skipped", "longrepr": "('C:\\\\Users\\\\reyno\\\\mind-protocol\\\\orchestration\\\\tests\\\\test_pipeline_stage3_injection.py', 188, 'Skipped: Conservation test not yet implemented')"}, "teardown": {"duration": 9.62999984039925e-05, "outcome": "passed"}}, {"nodeid": "tests/test_pipeline_stage10_trace_parsing.py::test_reinforcement_mark_extraction", "lineno": 125, "outcome": "passed", "keywords": ["test_reinforcement_mark_extraction", "test_pipeline_stage10_trace_parsing.py", "tests", "orchestration", ""], "setup": {"duration": 0.00014390000069397502, "outcome": "passed"}, "call": {"duration": 0.0008702000013727229, "outcome": "passed", "stdout": "\u2705 Extracted 8 reinforcement marks\n   Total seats allocated: 100 (Hamilton apportionment)\n"}, "teardown": {"duration": 0.00013039999976172112, "outcome": "passed"}}, {"nodeid": "tests/test_pipeline_stage10_trace_parsing.py::test_formation_declaration_parsing", "lineno": 199, "outcome": "passed", "keywords": ["test_formation_declaration_parsing", "test_pipeline_stage10_trace_parsing.py", "tests", "orchestration", ""], "setup": {"duration": 0.00014029999874765053, "outcome": "passed"}, "call": {"duration": 8.50041229999988, "outcome": "passed", "stdout": "\u2705 Parsed 2 node formations\n\u2705 Parsed 1 link formations\n"}, "teardown": {"duration": 0.0003679000001284294, "outcome": "passed"}}, {"nodeid": "tests/test_pipeline_stage10_trace_parsing.py::test_formation_quality_scoring", "lineno": 273, "outcome": "skipped", "keywords": ["test_formation_quality_scoring", "test_pipeline_stage10_trace_parsing.py", "tests", "orchestration", ""], "setup": {"duration": 0.00036759999784408137, "outcome": "passed"}, "call": {"duration": 0.235456599999452, "outcome": "skipped", "longrepr": "('C:\\\\Users\\\\reyno\\\\mind-protocol\\\\orchestration\\\\tests\\\\test_pipeline_stage10_trace_parsing.py', 308, 'Skipped: Formation quality scoring not yet implemented')"}, "teardown": {"duration": 0.0003079999987676274, "outcome": "passed"}}, {"nodeid": "tests/test_pipeline_stage10_trace_parsing.py::test_formation_schema_validation", "lineno": 312, "outcome": "failed", "keywords": ["test_formation_schema_validation", "test_pipeline_stage10_trace_parsing.py", "tests", "orchestration", ""], "setup": {"duration": 0.0003144000002066605, "outcome": "passed"}, "call": {"duration": 0.0008328999974764884, "outcome": "failed", "crash": {"path": "C:\\Users\\reyno\\mind-protocol\\orchestration\\tests\\test_pipeline_stage10_trace_parsing.py", "lineno": 340, "message": "AttributeError: 'TraceParseResult' object has no attribute 'errors'"}, "traceback": [{"path": "tests\\test_pipeline_stage10_trace_parsing.py", "lineno": 340, "message": "in test_formation_schema_validation"}], "log": [{"name": "orchestration.libs.trace_parser", "msg": "[TraceParser] Missing required fields for Realization: ['context_when_discovered', 'confidence', 'description']", "args": null, "levelname": "WARNING", "levelno": 30, "pathname": "C:\\Users\\reyno\\mind-protocol\\orchestration\\libs\\trace_parser.py", "filename": "trace_parser.py", "module": "trace_parser", "exc_info": null, "exc_text": null, "stack_info": null, "lineno": 520, "funcName": "_validate_node_fields", "created": 1761439678.471349, "msecs": 471.0, "relativeCreated": 10127.071142196655, "thread": 69268, "threadName": "MainThread", "processName": "MainProcess", "process": 72056, "taskName": null}, {"name": "orchestration.libs.trace_parser", "msg": "[TraceParser] Skipping invalid node formation: Realization", "args": null, "levelname": "WARNING", "levelno": 30, "pathname": "C:\\Users\\reyno\\mind-protocol\\orchestration\\libs\\trace_parser.py", "filename": "trace_parser.py", "module": "trace_parser", "exc_info": null, "exc_text": null, "stack_info": null, "lineno": 313, "funcName": "_extract_node_formations", "created": 1761439678.4723508, "msecs": 472.0, "relativeCreated": 10128.07297706604, "thread": 69268, "threadName": "MainThread", "processName": "MainProcess", "process": 72056, "taskName": null}, {"name": "orchestration.libs.trace_parser", "msg": "[TraceParser] Missing required fields for ENABLES: ['without_this', 'degree_of_necessity', 'enabling_type', 'energy', 'felt_as']", "args": null, "levelname": "WARNING", "levelno": 30, "pathname": "C:\\Users\\reyno\\mind-protocol\\orchestration\\libs\\trace_parser.py", "filename": "trace_parser.py", "module": "trace_parser", "exc_info": null, "exc_text": null, "stack_info": null, "lineno": 601, "funcName": "_validate_link_fields", "created": 1761439678.4723508, "msecs": 472.0, "relativeCreated": 10128.07297706604, "thread": 69268, "threadName": "MainThread", "processName": "MainProcess", "process": 72056, "taskName": null}, {"name": "orchestration.libs.trace_parser", "msg": "[TraceParser] Skipping invalid link formation: ENABLES", "args": null, "levelname": "WARNING", "levelno": 30, "pathname": "C:\\Users\\reyno\\mind-protocol\\orchestration\\libs\\trace_parser.py", "filename": "trace_parser.py", "module": "trace_parser", "exc_info": null, "exc_text": null, "stack_info": null, "lineno": 368, "funcName": "_extract_link_formations", "created": 1761439678.4723508, "msecs": 472.0, "relativeCreated": 10128.07297706604, "thread": 69268, "threadName": "MainThread", "processName": "MainProcess", "process": 72056, "taskName": null}], "longrepr": "tests\\test_pipeline_stage10_trace_parsing.py:340: in test_formation_schema_validation\n    assert len(result.errors) >= 2, \"Should have errors for both incomplete formations\"\n               ^^^^^^^^^^^^^\nE   AttributeError: 'TraceParseResult' object has no attribute 'errors'"}, "teardown": {"duration": 0.0003178000006300863, "outcome": "passed"}}, {"nodeid": "tests/test_pipeline_stage10_trace_parsing.py::test_regex_handles_edge_cases", "lineno": 352, "outcome": "failed", "keywords": ["test_regex_handles_edge_cases", "test_pipeline_stage10_trace_parsing.py", "tests", "orchestration", ""], "setup": {"duration": 0.0002535999992687721, "outcome": "passed"}, "call": {"duration": 0.0004977000025974121, "outcome": "failed", "crash": {"path": "C:\\Users\\reyno\\mind-protocol\\orchestration\\tests\\test_pipeline_stage10_trace_parsing.py", "lineno": 384, "message": "AssertionError: Should ignore marks in code blocks\nassert 'node_c' not in {'node123': 13, 'node_a': 20, 'node_b': 14, 'node_c': 20, ...}"}, "traceback": [{"path": "tests\\test_pipeline_stage10_trace_parsing.py", "lineno": 384, "message": "in test_regex_handles_edge_cases"}], "longrepr": "tests\\test_pipeline_stage10_trace_parsing.py:384: in test_regex_handles_edge_cases\n    assert 'node_c' not in reinforcements, \"Should ignore marks in code blocks\"\nE   AssertionError: Should ignore marks in code blocks\nE   assert 'node_c' not in {'node123': 13, 'node_a': 20, 'node_b': 14, 'node_c': 20, ...}"}, "teardown": {"duration": 0.00029569999969680794, "outcome": "passed"}}, {"nodeid": "tests/test_pipeline_stage11_weight_updates.py::test_context_aware_weight_updates", "lineno": 107, "outcome": "skipped", "keywords": ["test_context_aware_weight_updates", "test_pipeline_stage11_weight_updates.py", "tests", "orchestration", ""], "setup": {"duration": 0.0005555999996431638, "outcome": "passed"}, "call": {"duration": 0.00027350000164005905, "outcome": "skipped", "longrepr": "('C:\\\\Users\\\\reyno\\\\mind-protocol\\\\orchestration\\\\tests\\\\test_pipeline_stage11_weight_updates.py', 152, 'Skipped: TC11.1: Negative pool separation not yet implemented - negative marks incorrectly get positive z-scores')"}, "teardown": {"duration": 0.0002784000025712885, "outcome": "passed"}}, {"nodeid": "tests/test_pipeline_stage11_weight_updates.py::test_cohort_z_score_computation", "lineno": 224, "outcome": "skipped", "keywords": ["test_cohort_z_score_computation", "test_pipeline_stage11_weight_updates.py", "tests", "orchestration", ""], "setup": {"duration": 0.00043170000208192505, "outcome": "passed"}, "call": {"duration": 0.00028469999961089343, "outcome": "skipped", "longrepr": "('C:\\\\Users\\\\reyno\\\\mind-protocol\\\\orchestration\\\\tests\\\\test_pipeline_stage11_weight_updates.py', 250, 'Skipped: TC11.2: Depends on negative pool separation (TC11.3) - cohort stats mixed positive/negative')"}, "teardown": {"duration": 0.0003469000002951361, "outcome": "passed"}}, {"nodeid": "tests/test_pipeline_stage11_weight_updates.py::test_negative_pool_separation", "lineno": 282, "outcome": "skipped", "keywords": ["test_negative_pool_separation", "test_pipeline_stage11_weight_updates.py", "tests", "orchestration", ""], "setup": {"duration": 0.00035399999978835694, "outcome": "passed"}, "call": {"duration": 0.00022059999901102856, "outcome": "skipped", "longrepr": "('C:\\\\Users\\\\reyno\\\\mind-protocol\\\\orchestration\\\\tests\\\\test_pipeline_stage11_weight_updates.py', 307, 'Skipped: TC11.3: MECHANISM LIMITATION - negative pool separation not yet implemented in WeightLearnerV2')"}, "teardown": {"duration": 0.00024620000112918206, "outcome": "passed"}}, {"nodeid": "tests/test_pipeline_stage11_weight_updates.py::test_adaptive_learning_rate", "lineno": 345, "outcome": "passed", "keywords": ["test_adaptive_learning_rate", "test_pipeline_stage11_weight_updates.py", "tests", "orchestration", ""], "setup": {"duration": 0.0003391999998711981, "outcome": "passed"}, "call": {"duration": 0.004039799998281524, "outcome": "passed", "stdout": "\u2705 Adaptive learning rates computed\n   High z: \u03b7=1.0000, z=0.84\n   Low z: \u03b7=1.0000, z=0.00\n"}, "teardown": {"duration": 0.00029319999885046855, "outcome": "passed"}}, {"nodeid": "tests/test_pipeline_stage11_weight_updates.py::test_ema_updates", "lineno": 386, "outcome": "passed", "keywords": ["test_ema_updates", "test_pipeline_stage11_weight_updates.py", "tests", "orchestration", ""], "setup": {"duration": 0.000565500002267072, "outcome": "passed"}, "call": {"duration": 0.002245199997560121, "outcome": "passed", "stdout": "\u2705 EMA updates computed\n   node_0: ema_old=0.00, ema_new=1.00\n"}, "teardown": {"duration": 0.0002558999985922128, "outcome": "passed"}}, {"nodeid": "tests/test_pipeline_stage11_weight_updates.py::test_overlay_cap_enforcement", "lineno": 435, "outcome": "passed", "keywords": ["test_overlay_cap_enforcement", "test_pipeline_stage11_weight_updates.py", "tests", "orchestration", ""], "setup": {"duration": 0.00046010000005480833, "outcome": "passed"}, "call": {"duration": 0.0005534000010811724, "outcome": "passed", "stdout": "\u2705 Overlay cap enforced\n   Capped at: 2.00\n"}, "teardown": {"duration": 0.0006624999987252522, "outcome": "passed"}}], "warnings": [{"message": "Support for class-based `config` is deprecated, use ConfigDict instead. Deprecated in Pydantic V2.0 to be removed in V3.0. See Pydantic V2 Migration Guide at https://errors.pydantic.dev/2.12/migration/", "category": "PydanticDeprecatedSince20", "when": "collect", "filename": "C:\\Users\\reyno\\mind-protocol\\substrate\\schemas\\consciousness_schema.py", "lineno": 61}, {"message": "Pydantic V1 style `@validator` validators are deprecated. You should migrate to Pydantic V2 style `@field_validator` validators, see the migration guide for more details. Deprecated in Pydantic V2.0 to be removed in V3.0. See Pydantic V2 Migration Guide at https://errors.pydantic.dev/2.12/migration/", "category": "PydanticDeprecatedSince20", "when": "collect", "filename": "C:\\Users\\reyno\\mind-protocol\\substrate\\schemas\\consciousness_schema.py", "lineno": 403}, {"message": "Pydantic V1 style `@validator` validators are deprecated. You should migrate to Pydantic V2 style `@field_validator` validators, see the migration guide for more details. Deprecated in Pydantic V2.0 to be removed in V3.0. See Pydantic V2 Migration Guide at https://errors.pydantic.dev/2.12/migration/", "category": "PydanticDeprecatedSince20", "when": "collect", "filename": "C:\\Users\\reyno\\mind-protocol\\substrate\\schemas\\consciousness_schema.py", "lineno": 412}, {"message": "Support for class-based `config` is deprecated, use ConfigDict instead. Deprecated in Pydantic V2.0 to be removed in V3.0. See Pydantic V2 Migration Guide at https://errors.pydantic.dev/2.12/migration/", "category": "PydanticDeprecatedSince20", "when": "collect", "filename": "C:\\Users\\reyno\\mind-protocol\\substrate\\schemas\\consciousness_schema.py", "lineno": 199}]}