{"created": 1761439851.2460408, "duration": 10.162490606307983, "exitcode": 1, "root": "C:\\Users\\reyno\\mind-protocol\\orchestration", "environment": {}, "summary": {"skipped": 6, "passed": 8, "failed": 2, "total": 16, "collected": 16}, "collectors": [{"nodeid": "", "outcome": "passed", "result": [{"nodeid": "tests/test_pipeline_stage3_injection.py", "type": "Module"}, {"nodeid": "tests/test_pipeline_stage10_trace_parsing.py", "type": "Module"}, {"nodeid": "tests/test_pipeline_stage11_weight_updates.py", "type": "Module"}]}, {"nodeid": "tests/test_pipeline_stage3_injection.py", "outcome": "passed", "result": [{"nodeid": "tests/test_pipeline_stage3_injection.py::test_cold_graph_injection", "type": "Function", "lineno": 17}, {"nodeid": "tests/test_pipeline_stage3_injection.py::test_hot_graph_injection", "type": "Function", "lineno": 53}, {"nodeid": "tests/test_pipeline_stage3_injection.py::test_amplifier_channel_allows_propagation", "type": "Function", "lineno": 90}, {"nodeid": "tests/test_pipeline_stage3_injection.py::test_supercritical_damping", "type": "Function", "lineno": 140}, {"nodeid": "tests/test_pipeline_stage3_injection.py::test_energy_conservation", "type": "Function", "lineno": 170}]}, {"nodeid": "tests/test_pipeline_stage10_trace_parsing.py", "outcome": "passed", "result": [{"nodeid": "tests/test_pipeline_stage10_trace_parsing.py::test_reinforcement_mark_extraction", "type": "Function", "lineno": 125}, {"nodeid": "tests/test_pipeline_stage10_trace_parsing.py::test_formation_declaration_parsing", "type": "Function", "lineno": 199}, {"nodeid": "tests/test_pipeline_stage10_trace_parsing.py::test_formation_quality_scoring", "type": "Function", "lineno": 273}, {"nodeid": "tests/test_pipeline_stage10_trace_parsing.py::test_formation_schema_validation", "type": "Function", "lineno": 312}, {"nodeid": "tests/test_pipeline_stage10_trace_parsing.py::test_regex_handles_edge_cases", "type": "Function", "lineno": 352}]}, {"nodeid": "tests/test_pipeline_stage11_weight_updates.py", "outcome": "passed", "result": [{"nodeid": "tests/test_pipeline_stage11_weight_updates.py::test_context_aware_weight_updates", "type": "Function", "lineno": 107}, {"nodeid": "tests/test_pipeline_stage11_weight_updates.py::test_cohort_z_score_computation", "type": "Function", "lineno": 222}, {"nodeid": "tests/test_pipeline_stage11_weight_updates.py::test_negative_pool_separation", "type": "Function", "lineno": 280}, {"nodeid": "tests/test_pipeline_stage11_weight_updates.py::test_adaptive_learning_rate", "type": "Function", "lineno": 342}, {"nodeid": "tests/test_pipeline_stage11_weight_updates.py::test_ema_updates", "type": "Function", "lineno": 383}, {"nodeid": "tests/test_pipeline_stage11_weight_updates.py::test_overlay_cap_enforcement", "type": "Function", "lineno": 432}]}], "tests": [{"nodeid": "tests/test_pipeline_stage3_injection.py::test_cold_graph_injection", "lineno": 17, "outcome": "skipped", "keywords": ["test_cold_graph_injection", "test_pipeline_stage3_injection.py", "tests", "orchestration", ""], "setup": {"duration": 0.0005106999997224193, "outcome": "passed"}, "call": {"duration": 0.0001649999976507388, "outcome": "skipped", "longrepr": "('C:\\\\Users\\\\reyno\\\\mind-protocol\\\\orchestration\\\\tests\\\\test_pipeline_stage3_injection.py', 49, 'Skipped: TC3.1 not yet implemented - awaiting injection mechanism')"}, "teardown": {"duration": 0.00015109999731066637, "outcome": "passed"}}, {"nodeid": "tests/test_pipeline_stage3_injection.py::test_hot_graph_injection", "lineno": 53, "outcome": "skipped", "keywords": ["test_hot_graph_injection", "test_pipeline_stage3_injection.py", "tests", "orchestration", ""], "setup": {"duration": 0.00010409999958937988, "outcome": "passed"}, "call": {"duration": 0.0001154000019596424, "outcome": "skipped", "longrepr": "('C:\\\\Users\\\\reyno\\\\mind-protocol\\\\orchestration\\\\tests\\\\test_pipeline_stage3_injection.py', 86, 'Skipped: TC3.2 not yet implemented - awaiting injection mechanism')"}, "teardown": {"duration": 0.00010209999891230837, "outcome": "passed"}}, {"nodeid": "tests/test_pipeline_stage3_injection.py::test_amplifier_channel_allows_propagation", "lineno": 90, "outcome": "skipped", "keywords": ["test_amplifier_channel_allows_propagation", "test_pipeline_stage3_injection.py", "tests", "orchestration", ""], "setup": {"duration": 9.300000237999484e-05, "outcome": "passed"}, "call": {"duration": 0.00011860000086016953, "outcome": "skipped", "longrepr": "('C:\\\\Users\\\\reyno\\\\mind-protocol\\\\orchestration\\\\tests\\\\test_pipeline_stage3_injection.py', 136, 'Skipped: TC3.3 CRITICAL not yet implemented - THIS IS PRIORITY 1')"}, "teardown": {"duration": 0.00010919999840552919, "outcome": "passed"}}, {"nodeid": "tests/test_pipeline_stage3_injection.py::test_supercritical_damping", "lineno": 140, "outcome": "skipped", "keywords": ["test_supercritical_damping", "test_pipeline_stage3_injection.py", "tests", "orchestration", ""], "setup": {"duration": 0.00022990000070421956, "outcome": "passed"}, "call": {"duration": 0.00010140000085812062, "outcome": "skipped", "longrepr": "('C:\\\\Users\\\\reyno\\\\mind-protocol\\\\orchestration\\\\tests\\\\test_pipeline_stage3_injection.py', 166, 'Skipped: Health modulation not yet implemented')"}, "teardown": {"duration": 0.00010320000001229346, "outcome": "passed"}}, {"nodeid": "tests/test_pipeline_stage3_injection.py::test_energy_conservation", "lineno": 170, "outcome": "skipped", "keywords": ["test_energy_conservation", "test_pipeline_stage3_injection.py", "tests", "orchestration", ""], "setup": {"duration": 9.470000077271834e-05, "outcome": "passed"}, "call": {"duration": 0.00010260000271955505, "outcome": "skipped", "longrepr": "('C:\\\\Users\\\\reyno\\\\mind-protocol\\\\orchestration\\\\tests\\\\test_pipeline_stage3_injection.py', 188, 'Skipped: Conservation test not yet implemented')"}, "teardown": {"duration": 9.529999806545675e-05, "outcome": "passed"}}, {"nodeid": "tests/test_pipeline_stage10_trace_parsing.py::test_reinforcement_mark_extraction", "lineno": 125, "outcome": "passed", "keywords": ["test_reinforcement_mark_extraction", "test_pipeline_stage10_trace_parsing.py", "tests", "orchestration", ""], "setup": {"duration": 0.0001453000004403293, "outcome": "passed"}, "call": {"duration": 0.0010254000007989816, "outcome": "passed", "stdout": "\u2705 Extracted 8 reinforcement marks\n   Total seats allocated: 100 (Hamilton apportionment)\n"}, "teardown": {"duration": 0.00014599999849451706, "outcome": "passed"}}, {"nodeid": "tests/test_pipeline_stage10_trace_parsing.py::test_formation_declaration_parsing", "lineno": 199, "outcome": "passed", "keywords": ["test_formation_declaration_parsing", "test_pipeline_stage10_trace_parsing.py", "tests", "orchestration", ""], "setup": {"duration": 0.0001660999987507239, "outcome": "passed"}, "call": {"duration": 8.7644564000002, "outcome": "passed", "stdout": "\u2705 Parsed 2 node formations\n\u2705 Parsed 1 link formations\n"}, "teardown": {"duration": 0.0010636000006343238, "outcome": "passed"}}, {"nodeid": "tests/test_pipeline_stage10_trace_parsing.py::test_formation_quality_scoring", "lineno": 273, "outcome": "skipped", "keywords": ["test_formation_quality_scoring", "test_pipeline_stage10_trace_parsing.py", "tests", "orchestration", ""], "setup": {"duration": 0.0010003999996115454, "outcome": "passed"}, "call": {"duration": 0.23661180000271997, "outcome": "skipped", "longrepr": "('C:\\\\Users\\\\reyno\\\\mind-protocol\\\\orchestration\\\\tests\\\\test_pipeline_stage10_trace_parsing.py', 308, 'Skipped: Formation quality scoring not yet implemented')"}, "teardown": {"duration": 0.00031740000122226775, "outcome": "passed"}}, {"nodeid": "tests/test_pipeline_stage10_trace_parsing.py::test_formation_schema_validation", "lineno": 312, "outcome": "failed", "keywords": ["test_formation_schema_validation", "test_pipeline_stage10_trace_parsing.py", "tests", "orchestration", ""], "setup": {"duration": 0.000289100000372855, "outcome": "passed"}, "call": {"duration": 0.0007729999997536652, "outcome": "failed", "crash": {"path": "C:\\Users\\reyno\\mind-protocol\\orchestration\\tests\\test_pipeline_stage10_trace_parsing.py", "lineno": 340, "message": "AttributeError: 'TraceParseResult' object has no attribute 'errors'"}, "traceback": [{"path": "tests\\test_pipeline_stage10_trace_parsing.py", "lineno": 340, "message": "in test_formation_schema_validation"}], "log": [{"name": "orchestration.libs.trace_parser", "msg": "[TraceParser] Missing required fields for Realization: ['confidence', 'context_when_discovered', 'description']", "args": null, "levelname": "WARNING", "levelno": 30, "pathname": "C:\\Users\\reyno\\mind-protocol\\orchestration\\libs\\trace_parser.py", "filename": "trace_parser.py", "module": "trace_parser", "exc_info": null, "exc_text": null, "stack_info": null, "lineno": 520, "funcName": "_validate_node_fields", "created": 1761439851.219877, "msecs": 219.0, "relativeCreated": 10432.315587997437, "thread": 15836, "threadName": "MainThread", "processName": "MainProcess", "process": 38360, "taskName": null}, {"name": "orchestration.libs.trace_parser", "msg": "[TraceParser] Skipping invalid node formation: Realization", "args": null, "levelname": "WARNING", "levelno": 30, "pathname": "C:\\Users\\reyno\\mind-protocol\\orchestration\\libs\\trace_parser.py", "filename": "trace_parser.py", "module": "trace_parser", "exc_info": null, "exc_text": null, "stack_info": null, "lineno": 313, "funcName": "_extract_node_formations", "created": 1761439851.219877, "msecs": 219.0, "relativeCreated": 10432.315587997437, "thread": 15836, "threadName": "MainThread", "processName": "MainProcess", "process": 38360, "taskName": null}, {"name": "orchestration.libs.trace_parser", "msg": "[TraceParser] Missing required fields for ENABLES: ['enabling_type', 'without_this', 'felt_as', 'energy', 'degree_of_necessity']", "args": null, "levelname": "WARNING", "levelno": 30, "pathname": "C:\\Users\\reyno\\mind-protocol\\orchestration\\libs\\trace_parser.py", "filename": "trace_parser.py", "module": "trace_parser", "exc_info": null, "exc_text": null, "stack_info": null, "lineno": 601, "funcName": "_validate_link_fields", "created": 1761439851.2204316, "msecs": 220.0, "relativeCreated": 10432.870149612427, "thread": 15836, "threadName": "MainThread", "processName": "MainProcess", "process": 38360, "taskName": null}, {"name": "orchestration.libs.trace_parser", "msg": "[TraceParser] Skipping invalid link formation: ENABLES", "args": null, "levelname": "WARNING", "levelno": 30, "pathname": "C:\\Users\\reyno\\mind-protocol\\orchestration\\libs\\trace_parser.py", "filename": "trace_parser.py", "module": "trace_parser", "exc_info": null, "exc_text": null, "stack_info": null, "lineno": 368, "funcName": "_extract_link_formations", "created": 1761439851.2204316, "msecs": 220.0, "relativeCreated": 10432.870149612427, "thread": 15836, "threadName": "MainThread", "processName": "MainProcess", "process": 38360, "taskName": null}], "longrepr": "tests\\test_pipeline_stage10_trace_parsing.py:340: in test_formation_schema_validation\n    assert len(result.errors) >= 2, \"Should have errors for both incomplete formations\"\n               ^^^^^^^^^^^^^\nE   AttributeError: 'TraceParseResult' object has no attribute 'errors'"}, "teardown": {"duration": 0.0004995999988750555, "outcome": "passed"}}, {"nodeid": "tests/test_pipeline_stage10_trace_parsing.py::test_regex_handles_edge_cases", "lineno": 352, "outcome": "failed", "keywords": ["test_regex_handles_edge_cases", "test_pipeline_stage10_trace_parsing.py", "tests", "orchestration", ""], "setup": {"duration": 0.00039289999767788686, "outcome": "passed"}, "call": {"duration": 0.0007521000006818213, "outcome": "failed", "crash": {"path": "C:\\Users\\reyno\\mind-protocol\\orchestration\\tests\\test_pipeline_stage10_trace_parsing.py", "lineno": 384, "message": "AssertionError: Should ignore marks in code blocks\nassert 'node_c' not in {'node123': 13, 'node_a': 20, 'node_b': 14, 'node_c': 20, ...}"}, "traceback": [{"path": "tests\\test_pipeline_stage10_trace_parsing.py", "lineno": 384, "message": "in test_regex_handles_edge_cases"}], "longrepr": "tests\\test_pipeline_stage10_trace_parsing.py:384: in test_regex_handles_edge_cases\n    assert 'node_c' not in reinforcements, \"Should ignore marks in code blocks\"\nE   AssertionError: Should ignore marks in code blocks\nE   assert 'node_c' not in {'node123': 13, 'node_a': 20, 'node_b': 14, 'node_c': 20, ...}"}, "teardown": {"duration": 0.0003065000018978026, "outcome": "passed"}}, {"nodeid": "tests/test_pipeline_stage11_weight_updates.py::test_context_aware_weight_updates", "lineno": 107, "outcome": "passed", "keywords": ["test_context_aware_weight_updates", "test_pipeline_stage11_weight_updates.py", "tests", "orchestration", ""], "setup": {"duration": 0.0004899000014120247, "outcome": "passed"}, "call": {"duration": 0.0015377999989141244, "outcome": "passed", "stdout": "\u2705 Generated 10 weight updates\n   node_0: \u0394global=0.1049, \u0394local(translator)=0.4195\n   node_5: \u0394global=-0.0800 (negative)\n"}, "teardown": {"duration": 0.0002393000031588599, "outcome": "passed"}}, {"nodeid": "tests/test_pipeline_stage11_weight_updates.py::test_cohort_z_score_computation", "lineno": 222, "outcome": "passed", "keywords": ["test_cohort_z_score_computation", "test_pipeline_stage11_weight_updates.py", "tests", "orchestration", ""], "setup": {"duration": 0.00022990000070421956, "outcome": "passed"}, "call": {"duration": 0.0010307000011380296, "outcome": "passed", "stdout": "\u2705 Z-scores computed for 10 nodes\n   node_0 (10 seats): z=0.52\n   node_4 (0 seats): z=-0.36\n"}, "teardown": {"duration": 0.00013889999900129624, "outcome": "passed"}}, {"nodeid": "tests/test_pipeline_stage11_weight_updates.py::test_negative_pool_separation", "lineno": 280, "outcome": "passed", "keywords": ["test_negative_pool_separation", "test_pipeline_stage11_weight_updates.py", "tests", "orchestration", ""], "setup": {"duration": 0.0002638000005390495, "outcome": "passed"}, "call": {"duration": 0.001084600000467617, "outcome": "passed", "stdout": "\u2705 Negative pool separation working\n   node_5 (misleading): z=-0.40, \u0394log_weight=-0.0800\n"}, "teardown": {"duration": 0.00017210000078193843, "outcome": "passed"}}, {"nodeid": "tests/test_pipeline_stage11_weight_updates.py::test_adaptive_learning_rate", "lineno": 342, "outcome": "passed", "keywords": ["test_adaptive_learning_rate", "test_pipeline_stage11_weight_updates.py", "tests", "orchestration", ""], "setup": {"duration": 0.00020840000070165843, "outcome": "passed"}, "call": {"duration": 0.0011293000025034416, "outcome": "passed", "stdout": "\u2705 Adaptive learning rates computed\n   High z: \u03b7=1.0000, z=-0.84\n   Low z: \u03b7=1.0000, z=0.00\n"}, "teardown": {"duration": 0.0001542999998491723, "outcome": "passed"}}, {"nodeid": "tests/test_pipeline_stage11_weight_updates.py::test_ema_updates", "lineno": 383, "outcome": "passed", "keywords": ["test_ema_updates", "test_pipeline_stage11_weight_updates.py", "tests", "orchestration", ""], "setup": {"duration": 0.00021410000044852495, "outcome": "passed"}, "call": {"duration": 0.0009509000010439195, "outcome": "passed", "stdout": "\u2705 EMA updates computed\n   node_0: ema_old=0.00, ema_new=1.00\n"}, "teardown": {"duration": 0.00012680000145337544, "outcome": "passed"}}, {"nodeid": "tests/test_pipeline_stage11_weight_updates.py::test_overlay_cap_enforcement", "lineno": 432, "outcome": "passed", "keywords": ["test_overlay_cap_enforcement", "test_pipeline_stage11_weight_updates.py", "tests", "orchestration", ""], "setup": {"duration": 0.00014449999798671342, "outcome": "passed"}, "call": {"duration": 0.0002319999985047616, "outcome": "passed", "stdout": "\u2705 Overlay cap enforced\n   Capped at: 2.00\n"}, "teardown": {"duration": 0.00010919999840552919, "outcome": "passed"}}], "warnings": [{"message": "Support for class-based `config` is deprecated, use ConfigDict instead. Deprecated in Pydantic V2.0 to be removed in V3.0. See Pydantic V2 Migration Guide at https://errors.pydantic.dev/2.12/migration/", "category": "PydanticDeprecatedSince20", "when": "collect", "filename": "C:\\Users\\reyno\\mind-protocol\\substrate\\schemas\\consciousness_schema.py", "lineno": 61}, {"message": "Pydantic V1 style `@validator` validators are deprecated. You should migrate to Pydantic V2 style `@field_validator` validators, see the migration guide for more details. Deprecated in Pydantic V2.0 to be removed in V3.0. See Pydantic V2 Migration Guide at https://errors.pydantic.dev/2.12/migration/", "category": "PydanticDeprecatedSince20", "when": "collect", "filename": "C:\\Users\\reyno\\mind-protocol\\substrate\\schemas\\consciousness_schema.py", "lineno": 403}, {"message": "Pydantic V1 style `@validator` validators are deprecated. You should migrate to Pydantic V2 style `@field_validator` validators, see the migration guide for more details. Deprecated in Pydantic V2.0 to be removed in V3.0. See Pydantic V2 Migration Guide at https://errors.pydantic.dev/2.12/migration/", "category": "PydanticDeprecatedSince20", "when": "collect", "filename": "C:\\Users\\reyno\\mind-protocol\\substrate\\schemas\\consciousness_schema.py", "lineno": 412}, {"message": "Support for class-based `config` is deprecated, use ConfigDict instead. Deprecated in Pydantic V2.0 to be removed in V3.0. See Pydantic V2 Migration Guide at https://errors.pydantic.dev/2.12/migration/", "category": "PydanticDeprecatedSince20", "when": "collect", "filename": "C:\\Users\\reyno\\mind-protocol\\substrate\\schemas\\consciousness_schema.py", "lineno": 199}]}